#! /usr/bin/vvp
:ivl_version "12.0 (stable)" "(v12_0-dirty)";
:ivl_delay_selection "TYPICAL";
:vpi_time_precision + 0;
:vpi_module "/usr/lib/ivl/system.vpi";
:vpi_module "/usr/lib/ivl/vhdl_sys.vpi";
:vpi_module "/usr/lib/ivl/vhdl_textio.vpi";
:vpi_module "/usr/lib/ivl/v2005_math.vpi";
:vpi_module "/usr/lib/ivl/va_math.vpi";
S_0x564cb3f5fa30 .scope module, "in_base_2" "in_base_2" 2 1;
 .timescale 0 0;
v0x564cb3f3b6d0_0 .var/i "i", 31 0;
    .scope S_0x564cb3f5fa30;
T_0 ;
    %pushi/vec4 10, 0, 32;
    %store/vec4 v0x564cb3f3b6d0_0, 0, 32;
T_0.0 ;
    %load/vec4 v0x564cb3f3b6d0_0;
    %cmpi/s 0, 0, 32;
    %flag_inv 5; GE is !LT
    %jmp/0xz T_0.1, 5;
    %vpi_call 2 5 "$display", "%o", v0x564cb3f3b6d0_0 {0 0 0};
    %load/vec4 v0x564cb3f3b6d0_0;
    %subi 1, 0, 32;
    %store/vec4 v0x564cb3f3b6d0_0, 0, 32;
    %jmp T_0.0;
T_0.1 ;
    %end;
    .thread T_0;
# The file index is used to find the file name in the following table.
:file_names 3;
    "N/A";
    "<interactive>";
    "dela10_in8_3.v";
