#! /usr/bin/vvp
:ivl_version "12.0 (stable)" "(v12_0-dirty)";
:ivl_delay_selection "TYPICAL";
:vpi_time_precision + 0;
:vpi_module "/usr/lib/ivl/system.vpi";
:vpi_module "/usr/lib/ivl/vhdl_sys.vpi";
:vpi_module "/usr/lib/ivl/vhdl_textio.vpi";
:vpi_module "/usr/lib/ivl/v2005_math.vpi";
:vpi_module "/usr/lib/ivl/va_math.vpi";
S_0x55b112b08250 .scope module, "fib" "fib" 2 1;
 .timescale 0 0;
v0x55b112ae36d0_0 .var/i "f1", 31 0;
v0x55b112ae3f20_0 .var/i "f2", 31 0;
v0x55b112b29b60_0 .var/i "i", 31 0;
    .scope S_0x55b112b08250;
T_0 ;
    %pushi/vec4 0, 0, 32;
    %store/vec4 v0x55b112ae36d0_0, 0, 32;
    %pushi/vec4 1, 0, 32;
    %store/vec4 v0x55b112ae3f20_0, 0, 32;
    %pushi/vec4 0, 0, 32;
    %store/vec4 v0x55b112b29b60_0, 0, 32;
T_0.0 ;
    %load/vec4 v0x55b112b29b60_0;
    %cmpi/s 20, 0, 32;
    %jmp/0xz T_0.1, 5;
    %vpi_call 2 8 "$display", v0x55b112ae36d0_0 {0 0 0};
    %load/vec4 v0x55b112ae36d0_0;
    %load/vec4 v0x55b112ae3f20_0;
    %add;
    %store/vec4 v0x55b112ae36d0_0, 0, 32;
    %load/vec4 v0x55b112ae36d0_0;
    %load/vec4 v0x55b112ae3f20_0;
    %sub;
    %store/vec4 v0x55b112ae3f20_0, 0, 32;
    %load/vec4 v0x55b112b29b60_0;
    %addi 1, 0, 32;
    %store/vec4 v0x55b112b29b60_0, 0, 32;
    %jmp T_0.0;
T_0.1 ;
    %end;
    .thread T_0;
# The file index is used to find the file name in the following table.
:file_names 3;
    "N/A";
    "<interactive>";
    "fib.v";
