#! /usr/bin/vvp
:ivl_version "12.0 (stable)" "(v12_0-dirty)";
:ivl_delay_selection "TYPICAL";
:vpi_time_precision + 0;
:vpi_module "/usr/lib/ivl/system.vpi";
:vpi_module "/usr/lib/ivl/vhdl_sys.vpi";
:vpi_module "/usr/lib/ivl/vhdl_textio.vpi";
:vpi_module "/usr/lib/ivl/v2005_math.vpi";
:vpi_module "/usr/lib/ivl/va_math.vpi";
S_0x557cfa945420 .scope module, "generate_10_numbers" "generate_10_numbers" 2 1;
 .timescale 0 0;
v0x557cfa920f20_0 .var/i "i", 31 0;
    .scope S_0x557cfa945420;
T_0 ;
    %pushi/vec4 0, 0, 32;
    %store/vec4 v0x557cfa920f20_0, 0, 32;
T_0.0 ;
    %load/vec4 v0x557cfa920f20_0;
    %cmpi/s 10, 0, 32;
    %jmp/0xz T_0.1, 5;
    %load/vec4 v0x557cfa920f20_0;
    %addi 1, 0, 32;
    %vpi_call 2 5 "$display", S<0,vec4,s32> {1 0 0};
    %vpi_call 2 6 "$display", $realtime {0 0 0};
    %load/vec4 v0x557cfa920f20_0;
    %addi 1, 0, 32;
    %store/vec4 v0x557cfa920f20_0, 0, 32;
    %jmp T_0.0;
T_0.1 ;
    %end;
    .thread T_0;
# The file index is used to find the file name in the following table.
:file_names 3;
    "N/A";
    "<interactive>";
    "generate_10_numers.v";
