#! /usr/bin/vvp
:ivl_version "12.0 (stable)" "(v12_0-dirty)";
:ivl_delay_selection "TYPICAL";
:vpi_time_precision + 0;
:vpi_module "/usr/lib/ivl/system.vpi";
:vpi_module "/usr/lib/ivl/vhdl_sys.vpi";
:vpi_module "/usr/lib/ivl/vhdl_textio.vpi";
:vpi_module "/usr/lib/ivl/v2005_math.vpi";
:vpi_module "/usr/lib/ivl/va_math.vpi";
S_0x563c86ad0730 .scope module, "patrate_perfecte" "patrate_perfecte" 2 1;
 .timescale 0 0;
v0x563c86aab6d0_0 .var/i "i", 31 0;
    .scope S_0x563c86ad0730;
T_0 ;
    %pushi/vec4 0, 0, 32;
    %store/vec4 v0x563c86aab6d0_0, 0, 32;
T_0.0 ;
    %load/vec4 v0x563c86aab6d0_0;
    %cmpi/s 100, 0, 32;
    %flag_or 5, 4;
    %jmp/0xz T_0.1, 5;
    %vpi_func/r 2 5 "$pow", v0x563c86aab6d0_0, 32'sb00000000000000000000000000000010 {0 0 0};
    %pushi/vec4 100, 0, 32;
    %cvt/rv/s;
    %cmp/wr;
    %flag_or 5, 4;
    %jmp/0xz  T_0.2, 5;
    %vpi_func/r 2 6 "$pow", v0x563c86aab6d0_0, 32'sb00000000000000000000000000000010 {0 0 0};
    %vpi_call 2 6 "$display", W<0,r> {0 1 0};
T_0.2 ;
    %load/vec4 v0x563c86aab6d0_0;
    %addi 1, 0, 32;
    %store/vec4 v0x563c86aab6d0_0, 0, 32;
    %jmp T_0.0;
T_0.1 ;
    %end;
    .thread T_0;
# The file index is used to find the file name in the following table.
:file_names 3;
    "N/A";
    "<interactive>";
    "patrate_perfect_10.v";
