#! /usr/bin/vvp
:ivl_version "12.0 (stable)" "(v12_0-dirty)";
:ivl_delay_selection "TYPICAL";
:vpi_time_precision + 0;
:vpi_module "/usr/lib/ivl/system.vpi";
:vpi_module "/usr/lib/ivl/vhdl_sys.vpi";
:vpi_module "/usr/lib/ivl/vhdl_textio.vpi";
:vpi_module "/usr/lib/ivl/v2005_math.vpi";
:vpi_module "/usr/lib/ivl/va_math.vpi";
S_0x561999e468b0 .scope module, "generate_10_numbers" "generate_10_numbers" 2 1;
 .timescale 0 0;
v0x561999e216d0_0 .var/i "i", 31 0;
v0x561999e21f20_0 .var/i "pow_result", 31 0;
    .scope S_0x561999e468b0;
T_0 ;
    %pushi/vec4 1, 0, 32;
    %store/vec4 v0x561999e216d0_0, 0, 32;
T_0.0 ;
    %load/vec4 v0x561999e216d0_0;
    %cmpi/s 15, 0, 32;
    %jmp/0xz T_0.1, 5;
    %vpi_func/r 2 6 "$pow", 32'sb00000000000000000000000000000010, v0x561999e216d0_0 {0 0 0};
    %cvt/vr 32;
    %store/vec4 v0x561999e21f20_0, 0, 32;
    %load/vec4 v0x561999e21f20_0;
    %cmpi/s 9999, 0, 32;
    %flag_or 5, 4;
    %jmp/0xz  T_0.2, 5;
    %vpi_call 2 9 "$display", v0x561999e21f20_0 {0 0 0};
T_0.2 ;
    %load/vec4 v0x561999e216d0_0;
    %addi 1, 0, 32;
    %store/vec4 v0x561999e216d0_0, 0, 32;
    %jmp T_0.0;
T_0.1 ;
    %end;
    .thread T_0;
# The file index is used to find the file name in the following table.
:file_names 3;
    "N/A";
    "<interactive>";
    "problema_9.v";
